<?xml version="1.0" encoding="UTF-8"?>
<testsuite name="Run on Firefox"
           tests="2"
           failures="1"
           errors="0"
           skipped="1"
           time="68.229">
  <properties />
            <testcase name="beforeClass" time="68.229" classname="DemoProject.Register.TS_01_CreateNewAccount">
                <failure type="org.openqa.selenium.WebDriverException"
                  message="Reached error page: about:neterror?e=dnsNotFound&amp;u=http%3A//live.techpanda.org/index.php/&amp;c=UTF-8&amp;d=We%20can%E2%80%99t%20connect%20to%20the%20server%20at%20live.techpanda.org.
Build info: version: &apos;3.141.59&apos;, revision: &apos;e82be7d358&apos;, time: &apos;2018-11-14T08:17:03&apos;
System info: host: &apos;Haos-MacBook-Air.local&apos;, ip: &apos;2402:800:6318:cd7e:0:0:0:6%en0&apos;, os.name: &apos;Mac OS X&apos;, os.arch: &apos;aarch64&apos;, os.version: &apos;12.4&apos;, java.version: &apos;1.8.0_333&apos;
Driver info: org.openqa.selenium.firefox.FirefoxDriver
Capabilities {acceptInsecureCerts: true, browserName: firefox, browserVersion: 98.0, javascriptEnabled: true, moz:accessibilityChecks: false, moz:buildID: 20220304153049, moz:geckodriverVersion: 0.31.0, moz:headless: false, moz:processID: 18154, moz:profile: /var/folders/81/y5w4j2yx2b1..., moz:shutdownTimeout: 60000, moz:useNonSpecCompliantPointerOrigin: false, moz:webdriverClick: true, pageLoadStrategy: normal, platform: MAC, platformName: MAC, platformVersion: 21.5.0, proxy: Proxy(), setWindowRect: true, strictFileInteractability: false, timeouts: {implicit: 0, pageLoad: 300000, script: 30000}, unhandledPromptBehavior: dismiss and notify}
Session ID: 1960ccff-8967-4175-8ccb-4bcefe2982ee"
              >
<![CDATA[org.openqa.selenium.WebDriverException: Reached error page: about:neterror?e=dnsNotFound&u=http%3A//live.techpanda.org/index.php/&c=UTF-8&d=We%20can%E2%80%99t%20connect%20to%20the%20server%20at%20live.techpanda.org.
Build info: version: '3.141.59', revision: 'e82be7d358', time: '2018-11-14T08:17:03'
System info: host: 'Haos-MacBook-Air.local', ip: '2402:800:6318:cd7e:0:0:0:6%en0', os.name: 'Mac OS X', os.arch: 'aarch64', os.version: '12.4', java.version: '1.8.0_333'
Driver info: org.openqa.selenium.firefox.FirefoxDriver
Capabilities {acceptInsecureCerts: true, browserName: firefox, browserVersion: 98.0, javascriptEnabled: true, moz:accessibilityChecks: false, moz:buildID: 20220304153049, moz:geckodriverVersion: 0.31.0, moz:headless: false, moz:processID: 18154, moz:profile: /var/folders/81/y5w4j2yx2b1..., moz:shutdownTimeout: 60000, moz:useNonSpecCompliantPointerOrigin: false, moz:webdriverClick: true, pageLoadStrategy: normal, platform: MAC, platformName: MAC, platformVersion: 21.5.0, proxy: Proxy(), setWindowRect: true, strictFileInteractability: false, timeouts: {implicit: 0, pageLoad: 300000, script: 30000}, unhandledPromptBehavior: dismiss and notify}
Session ID: 1960ccff-8967-4175-8ccb-4bcefe2982ee
  sun.reflect.NativeConstructorAccessorImpl.newInstance0(Native Method)
  sun.reflect.NativeConstructorAccessorImpl.newInstance(NativeConstructorAccessorImpl.java:62)
  sun.reflect.DelegatingConstructorAccessorImpl.newInstance(DelegatingConstructorAccessorImpl.java:45)
  java.lang.reflect.Constructor.newInstance(Constructor.java:423)
  org.openqa.selenium.remote.http.W3CHttpResponseCodec.createException(W3CHttpResponseCodec.java:187)
  org.openqa.selenium.remote.http.W3CHttpResponseCodec.decode(W3CHttpResponseCodec.java:122)
  org.openqa.selenium.remote.http.W3CHttpResponseCodec.decode(W3CHttpResponseCodec.java:49)
  org.openqa.selenium.remote.HttpCommandExecutor.execute(HttpCommandExecutor.java:158)
  org.openqa.selenium.remote.service.DriverCommandExecutor.execute(DriverCommandExecutor.java:83)
  org.openqa.selenium.remote.RemoteWebDriver.execute(RemoteWebDriver.java:552)
  org.openqa.selenium.remote.RemoteWebDriver.get(RemoteWebDriver.java:277)
  commons.BaseTest.getBrowserDriver(BaseTest.java:58)
  DemoProject.Register.TS_01_CreateNewAccount.beforeClass(TS_01_CreateNewAccount.java:33)
  sun.reflect.NativeMethodAccessorImpl.invoke0(Native Method)
  sun.reflect.NativeMethodAccessorImpl.invoke(NativeMethodAccessorImpl.java:62)
  sun.reflect.DelegatingMethodAccessorImpl.invoke(DelegatingMethodAccessorImpl.java:43)
  java.lang.reflect.Method.invoke(Method.java:498)
  org.testng.internal.MethodInvocationHelper.invokeMethod(MethodInvocationHelper.java:124)
  org.testng.internal.MethodInvocationHelper.invokeMethodConsideringTimeout(MethodInvocationHelper.java:59)
  org.testng.internal.Invoker.invokeConfigurationMethod(Invoker.java:458)
  org.testng.internal.Invoker.invokeConfigurations(Invoker.java:222)
  org.testng.internal.Invoker.invokeConfigurations(Invoker.java:142)
  org.testng.internal.TestMethodWorker.invokeBeforeClassMethods(TestMethodWorker.java:168)
  org.testng.internal.TestMethodWorker.run(TestMethodWorker.java:105)
  org.testng.TestRunner.privateRun(TestRunner.java:648)
  org.testng.TestRunner.run(TestRunner.java:505)
  org.testng.SuiteRunner.runTest(SuiteRunner.java:455)
  org.testng.SuiteRunner.access$000(SuiteRunner.java:40)
  org.testng.SuiteRunner$SuiteWorker.run(SuiteRunner.java:489)
  org.testng.internal.thread.ThreadUtil$1.call(ThreadUtil.java:52)
  java.util.concurrent.FutureTask.run(FutureTask.java:266)
  java.util.concurrent.ThreadPoolExecutor.runWorker(ThreadPoolExecutor.java:1149)
  java.util.concurrent.ThreadPoolExecutor$Worker.run(ThreadPoolExecutor.java:624)
  java.lang.Thread.run(Thread.java:750)
]]>
      </failure>

          </testcase>
  
            <testcase name="TC_01_Create_New_Account" time="0.0" classname="DemoProject.Register.TS_01_CreateNewAccount">
          <skipped />
    </testcase>
  
  
</testsuite>
